-------------------------------------------------------------------------------
Test set: Main_1_Test
-------------------------------------------------------------------------------
Tests run: 2, Failures: 1, Errors: 0, Skipped: 0, Time elapsed: 0.042 s <<< FAILURE! - in Main_1_Test
Test_1  Time elapsed: 0.021 s  <<< FAILURE!
org.opentest4j.AssertionFailedError
	at Main_1_Test.Test_1(Main_1_Test.java:8)

