-------------------------------------------------------------------------------
Test set: MainTest
-------------------------------------------------------------------------------
Tests run: 2, Failures: 1, Errors: 0, Skipped: 0, Time elapsed: 0.044 s <<< FAILURE! - in MainTest
Test_2  Time elapsed: 0.022 s  <<< FAILURE!
org.opentest4j.AssertionFailedError
	at MainTest.Test_2(MainTest.java:11)

