-------------------------------------------------------------------------------
Test set: NaimTest
-------------------------------------------------------------------------------
Tests run: 1, Failures: 1, Errors: 0, Skipped: 0, Time elapsed: 0.065 s <<< FAILURE! - in NaimTest
goo  Time elapsed: 0.047 s  <<< FAILURE!
org.opentest4j.AssertionFailedError: hey brother ==> expected: <1> but was: <0>
	at NaimTest.goo(NaimTest.java:10)

